  compilation object save succeeded; see E:\Projects\AR-ACW\AR-ACW\Release\AR_ACW\GeometryShader.cso
  compilation object save succeeded; see E:\Projects\AR-ACW\AR-ACW\Release\AR_ACW\GeometryShaderCloud.cso
  compilation object save succeeded; see E:\Projects\AR-ACW\AR-ACW\Release\AR_ACW\GeometryShaderFlag.cso
  compilation object save succeeded; see E:\Projects\AR-ACW\AR-ACW\Release\AR_ACW\PixelShaderFlag.cso
E:\Projects\AR-ACW\AR-ACW\AR_ACW\Content\RayCastingPS.hlsl(593,50-66): warning X3571: pow(f, e) will not work for negative f, use abs(f) or conditionally handle negative values if you expect them
  
  compilation object save succeeded; see E:\Projects\AR-ACW\AR-ACW\Release\AR_ACW\RayCastingPS.cso
  compilation object save succeeded; see E:\Projects\AR-ACW\AR-ACW\Release\AR_ACW\RayCastingVS.cso
  compilation object save succeeded; see E:\Projects\AR-ACW\AR-ACW\Release\AR_ACW\SamplePixelShader.cso
  compilation object save succeeded; see E:\Projects\AR-ACW\AR-ACW\Release\AR_ACW\SampleVertexShader.cso
  pch.cpp
  App.cpp
  DeviceResources.cpp
  AR_ACWMain.cpp
  DDSTextureLoader.cpp
  SampleFpsTextRenderer.cpp
  Sample3DSceneRenderer.cpp
e:\projects\ar-acw\ar-acw\ar_acw\content\sample3dscenerenderer.cpp(129): warning C4244: '=': conversion from 'double' to 'float', possible loss of data
e:\projects\ar-acw\ar-acw\ar_acw\content\sample3dscenerenderer.cpp(130): warning C4244: '=': conversion from 'double' to 'float', possible loss of data
e:\projects\ar-acw\ar-acw\ar_acw\content\sample3dscenerenderer.cpp(370): warning C4244: '=': conversion from 'double' to 'float', possible loss of data
e:\projects\ar-acw\ar-acw\ar_acw\content\sample3dscenerenderer.cpp(439): warning C4305: 'argument': truncation from 'double' to 'float'
e:\projects\ar-acw\ar-acw\ar_acw\content\sample3dscenerenderer.cpp(439): warning C4244: 'argument': conversion from 'int' to 'float', possible loss of data
e:\projects\ar-acw\ar-acw\ar_acw\content\sample3dscenerenderer.cpp(749): warning C4244: 'argument': conversion from 'double' to 'float', possible loss of data
  Generating code
  3161 of 3506 functions (90.2%) were compiled, the rest were copied from previous compilation.
    67 functions were new in current compilation
    342 functions had inline decision re-evaluated but remain unchanged
  Finished generating code
  AR_ACW.vcxproj -> E:\Projects\AR-ACW\AR-ACW\Release\AR_ACW\AR_ACW.exe
